[+] Containers:
 |- [+] Container: /Game/FirstPerson/Maps/FirstPersonMap
 |   |- [+] ActorDescs:
 |   |   |- Guid:09AEAB114D87C80B82B7C1AE104A87F4 BaseClass: NativeClass:/Script/Engine.StaticMeshActor Name:StaticMeshActor_UAID_D8BBC1DADC21D0A801_1502599184 Label:Decoration4 SpatiallyLoaded:1 Bounds:IsValid=true, Min=(X=2446.643 Y=366.643 Z=-10.000), Max=(X=2473.357 Y=393.357 Z=178.542) RuntimeGrid:None EditorOnly:0 RuntimeOnly:0 HLODRelevant:0 FolderPath:Bowling_Pins FolderGuid:E450CE694EE77308B63336B502476F0F
 |   |   |- Guid:0BE939DE44D0B3E961A3A5B06C5107E8 BaseClass: NativeClass:/Script/Engine.StaticMeshActor Name:StaticMeshActor_UAID_D8BBC1DADC21D0A801_1509127185 Label:Decoration5 SpatiallyLoaded:1 Bounds:IsValid=true, Min=(X=2446.643 Y=526.643 Z=-10.000), Max=(X=2473.357 Y=553.357 Z=178.542) RuntimeGrid:None EditorOnly:0 RuntimeOnly:0 HLODRelevant:0 FolderPath:Bowling_Pins FolderGuid:E450CE694EE77308B63336B502476F0F
 |   |   |- Guid:0C0827F44ECB2C1D07DE2B82E3997272 BaseClass: NativeClass:/Script/Engine.StaticMeshActor Name:StaticMeshActor_UAID_D8BBC1DADC21D0A801_1468683182 Label:Decoration2 SpatiallyLoaded:1 Bounds:IsValid=true, Min=(X=2396.643 Y=406.643 Z=-10.000), Max=(X=2423.357 Y=433.357 Z=178.542) RuntimeGrid:None EditorOnly:0 RuntimeOnly:0 HLODRelevant:0 FolderPath:Bowling_Pins FolderGuid:E450CE694EE77308B63336B502476F0F
 |   |   |- Guid:0EDB289B45CB7E0977A6DBA74201EE76 BaseClass: NativeClass:/Script/Engine.StaticMeshActor Name:StaticMeshActor_10 Label:SM_Cube6 SpatiallyLoaded:1 Bounds:IsValid=true, Min=(X=2900.000 Y=100.000 Z=0.000), Max=(X=3000.000 Y=800.000 Z=750.000) RuntimeGrid:None EditorOnly:0 RuntimeOnly:0 HLODRelevant:1 FolderPath:Playground FolderGuid:6C02BB504B69D1F3D7A624B130C18E5B
 |   |   |- Guid:1F9406B244844CB234A787AF17B0D0FC BaseClass: NativeClass:/Script/Engine.StaticMeshActor Name:StaticMeshActor_UAID_D8BBC1DADC21D0A801_1482425183 Label:Decoration3 SpatiallyLoaded:1 Bounds:IsValid=true, Min=(X=2396.643 Y=486.643 Z=-10.000), Max=(X=2423.357 Y=513.357 Z=178.542) RuntimeGrid:None EditorOnly:0 RuntimeOnly:0 HLODRelevant:0 FolderPath:Bowling_Pins FolderGuid:E450CE694EE77308B63336B502476F0F
 |   |   |- Guid:21262252453B37957EF29F82ABA2413B BaseClass: NativeClass:/Script/Engine.TextRenderActor Name:TextRenderActor_1 Label:TextRenderActor SpatiallyLoaded:1 Bounds:IsValid=true, Min=(X=-0.100 Y=1100.000 Z=65.013), Max=(X=-0.100 Y=2363.461 Z=215.013) RuntimeGrid:None EditorOnly:0 RuntimeOnly:0 HLODRelevant:0
 |   |   |- Guid:2E763EC8460928018391F0879DEFCB63 BaseClass: NativeClass:/Script/Engine.StaticMeshActor Name:StaticMeshActor_UAID_D8BBC1DADC21D0A801_1574245188 Label:Decoration8 SpatiallyLoaded:1 Bounds:IsValid=true, Min=(X=2446.643 Y=446.643 Z=-10.000), Max=(X=2473.357 Y=473.357 Z=178.542) RuntimeGrid:None EditorOnly:0 RuntimeOnly:0 HLODRelevant:0 FolderPath:Bowling_Pins FolderGuid:E450CE694EE77308B63336B502476F0F
 |   |   |- Guid:4F15E67C4D0B2D376AA8D4847B5112BA BaseClass: NativeClass:/Script/Engine.StaticMeshActor Name:StaticMeshActor_UAID_D8BBC1DADC21D0A801_1606690190 Label:Decoration10 SpatiallyLoaded:1 Bounds:IsValid=true, Min=(X=2496.643 Y=406.643 Z=-10.000), Max=(X=2523.357 Y=433.357 Z=178.542) RuntimeGrid:None EditorOnly:0 RuntimeOnly:0 HLODRelevant:0 FolderPath:Bowling_Pins FolderGuid:E450CE694EE77308B63336B502476F0F
 |   |   |- Guid:5EFEF82343AC07977BBB078B0C1417A6 BaseClass: NativeClass:/Script/Engine.StaticMeshActor Name:StaticMeshActor_UAID_D8BBC1DADC21D0A801_1276802180 Label:SM_Cube10 SpatiallyLoaded:1 Bounds:IsValid=true, Min=(X=-1100.000 Y=-1000.000 Z=0.000), Max=(X=-1000.000 Y=1800.000 Z=100.000) RuntimeGrid:None EditorOnly:0 RuntimeOnly:0 HLODRelevant:1 FolderPath:Playground FolderGuid:6C02BB504B69D1F3D7A624B130C18E5B
 |   |   |- Guid:5FE7584649BB6F09265329A6C57CFD0D BaseClass: NativeClass:/Script/Engine.VolumetricCloud Name:VolumetricCloud_0 Label:VolumetricCloud SpatiallyLoaded:0 Bounds:IsValid=true, Min=(X=0.000 Y=0.000 Z=820.000), Max=(X=0.000 Y=0.000 Z=820.000) RuntimeGrid:None EditorOnly:0 RuntimeOnly:0 HLODRelevant:0 FolderPath:Lighting FolderGuid:0BA5F0A04EADB18E70D5B180D08FA34B
 |   |   |- Guid:61391D344900612A77DFC3BA3E354907 BaseClass: NativeClass:/Script/Engine.ExponentialHeightFog Name:ExponentialHeightFog_0 Label:ExponentialHeightFog SpatiallyLoaded:0 Bounds:IsValid=true, Min=(X=-5600.000 Y=-50.000 Z=-6850.000), Max=(X=-5600.000 Y=-50.000 Z=-6850.000) RuntimeGrid:None EditorOnly:0 RuntimeOnly:0 HLODRelevant:0 FolderPath:Lighting FolderGuid:0BA5F0A04EADB18E70D5B180D08FA34B
 |   |   |- Guid:670498AA41BC0977D3BE169B85071564 BaseClass: NativeClass:/Script/Engine.StaticMeshActor Name:StaticMeshActor_UAID_D8BBC1DADC21CFA801_1167461001 Label:SM_Cube8 SpatiallyLoaded:1 Bounds:IsValid=true, Min=(X=-1100.000 Y=-1100.000 Z=0.000), Max=(X=-0.000 Y=-1000.000 Z=100.000) RuntimeGrid:None EditorOnly:0 RuntimeOnly:0 HLODRelevant:1 FolderPath:Playground FolderGuid:6C02BB504B69D1F3D7A624B130C18E5B
 |   |   |- Guid:6FEFB3BD4EB37B849EF0D4AC80F83855 BaseClass: NativeClass:/Script/Engine.WorldDataLayers Name:WorldDataLayers Label:WorldDataLayers SpatiallyLoaded:0 Bounds:IsValid=true, Min=(X=0.000 Y=0.000 Z=0.000), Max=(X=0.000 Y=0.000 Z=0.000) RuntimeGrid:None EditorOnly:0 RuntimeOnly:0 HLODRelevant:0
 |   |   |- Guid:8559D1384B14F466E8927697A36C1D78 BaseClass: NativeClass:/Script/Engine.StaticMeshActor Name:StaticMeshActor_9 Label:SM_Cube5 SpatiallyLoaded:1 Bounds:IsValid=true, Min=(X=-0.000 Y=890.000 Z=0.000), Max=(X=100.000 Y=1890.000 Z=100.000) RuntimeGrid:None EditorOnly:0 RuntimeOnly:0 HLODRelevant:1 FolderPath:Playground FolderGuid:6C02BB504B69D1F3D7A624B130C18E5B
 |   |   |- Guid:88732F664B278CB05A56EDA84BA74D2B BaseClass: NativeClass:/Script/Engine.StaticMeshActor Name:StaticMeshActor_UAID_D8BBC1DADC21D0A801_1554386187 Label:Decoration7 SpatiallyLoaded:1 Bounds:IsValid=true, Min=(X=2496.643 Y=326.643 Z=-10.000), Max=(X=2523.357 Y=353.357 Z=178.542) RuntimeGrid:None EditorOnly:0 RuntimeOnly:0 HLODRelevant:0 FolderPath:Bowling_Pins FolderGuid:E450CE694EE77308B63336B502476F0F
 |   |   |- Guid:90B7B8D3420C2EABA931D3A6A69DF696 BaseClass: NativeClass:/Script/Engine.StaticMeshActor Name:StaticMeshActor_3 Label:SM_Cube2 SpatiallyLoaded:1 Bounds:IsValid=true, Min=(X=0.000 Y=0.000 Z=0.000), Max=(X=3000.000 Y=100.000 Z=100.000) RuntimeGrid:None EditorOnly:0 RuntimeOnly:0 HLODRelevant:1 FolderPath:Playground FolderGuid:6C02BB504B69D1F3D7A624B130C18E5B
 |   |   |- Guid:A354B1B24E617A525DC6B48CCDE2417E BaseClass: NativeClass:/Script/Engine.PlayerStart Name:PlayerStart_0 Label:PlayerStart SpatiallyLoaded:0 Bounds:IsValid=true, Min=(X=-340.000 Y=430.000 Z=0.013), Max=(X=-260.000 Y=510.000 Z=184.013) RuntimeGrid:None EditorOnly:0 RuntimeOnly:0 HLODRelevant:0
 |   |   |- Guid:AF1AF55E49352C4A2CE89589972AA64A BaseClass: NativeClass:/Script/Engine.StaticMeshActor Name:StaticMeshActor_UAID_D8BBC1DADC21D0A801_1586224189 Label:Decoration9 SpatiallyLoaded:1 Bounds:IsValid=true, Min=(X=2496.643 Y=486.643 Z=-10.000), Max=(X=2523.357 Y=513.357 Z=178.542) RuntimeGrid:None EditorOnly:0 RuntimeOnly:0 HLODRelevant:0 FolderPath:Bowling_Pins FolderGuid:E450CE694EE77308B63336B502476F0F
 |   |   |- Guid:BD062CAC4C4504CAD9B36A9ED696C7AC BaseClass: NativeClass:/Script/Engine.StaticMeshActor Name:StaticMeshActor_UAID_D8BBC1DADC21CFA801_1220857002 Label:SM_Cube9 SpatiallyLoaded:1 Bounds:IsValid=true, Min=(X=-1100.000 Y=1800.000 Z=0.000), Max=(X=-0.000 Y=1900.000 Z=100.000) RuntimeGrid:None EditorOnly:0 RuntimeOnly:0 HLODRelevant:1 FolderPath:Playground FolderGuid:6C02BB504B69D1F3D7A624B130C18E5B
 |   |   |- Guid:C22CE07C4B87D685137FDBBC10FC92C6 BaseClass: NativeClass:/Script/Engine.SkyAtmosphere Name:SkyAtmosphere_0 Label:SkyAtmosphere SpatiallyLoaded:0 Bounds:IsValid=true, Min=(X=0.000 Y=0.000 Z=1020.000), Max=(X=0.000 Y=0.000 Z=1020.000) RuntimeGrid:None EditorOnly:0 RuntimeOnly:0 HLODRelevant:0 FolderPath:Lighting FolderGuid:0BA5F0A04EADB18E70D5B180D08FA34B
 |   |   |- Guid:C82F44D347C3459848185C9C5A801658 BaseClass: NativeClass:/Script/Engine.StaticMeshActor Name:StaticMeshActor_UAID_D8BBC1DADC21D0A801_1433757181 Label:Decoration1 SpatiallyLoaded:1 Bounds:IsValid=true, Min=(X=2346.643 Y=446.643 Z=-10.000), Max=(X=2373.357 Y=473.357 Z=178.542) RuntimeGrid:None EditorOnly:0 RuntimeOnly:0 HLODRelevant:0 FolderPath:Bowling_Pins FolderGuid:E450CE694EE77308B63336B502476F0F
 |   |   |- Guid:CD61693F4E73DC7E57D1589B1E91AB8C BaseClass: NativeClass:/Script/Engine.StaticMeshActor Name:StaticMeshActor_UAID_D8BBC1DADC21CEA801_2128030823 Label:SM_Cube4 SpatiallyLoaded:1 Bounds:IsValid=true, Min=(X=-1120.000 Y=-1100.000 Z=-102.000), Max=(X=2930.000 Y=1900.000 Z=2.000) RuntimeGrid:None EditorOnly:0 RuntimeOnly:0 HLODRelevant:1 FolderPath:Playground FolderGuid:6C02BB504B69D1F3D7A624B130C18E5B
 |   |   |- Guid:CE8D82634660FCDB3120E2B8D547C533 BaseClass: NativeClass:/Script/Engine.PostProcessVolume Name:PostProcessVolume_0 Label:PostProcessVolume SpatiallyLoaded:0 Bounds:IsValid=true, Min=(X=0.000 Y=0.000 Z=400.000), Max=(X=200.000 Y=200.000 Z=600.000) RuntimeGrid:None EditorOnly:0 RuntimeOnly:0 HLODRelevant:0 FolderPath:Lighting FolderGuid:0BA5F0A04EADB18E70D5B180D08FA34B
 |   |   |- Guid:D7DF28204ED8807CD30C74A7384D797C BaseClass: NativeClass:/Script/Engine.StaticMeshActor Name:StaticMeshActor_UAID_D8BBC1DADC21CFA801_1095125000 Label:SM_Cube7 SpatiallyLoaded:1 Bounds:IsValid=true, Min=(X=-0.000 Y=-1100.000 Z=0.000), Max=(X=100.000 Y=0.000 Z=100.000) RuntimeGrid:None EditorOnly:0 RuntimeOnly:0 HLODRelevant:1 FolderPath:Playground FolderGuid:6C02BB504B69D1F3D7A624B130C18E5B
 |   |   |- Guid:E5320C1B4FD9764CE7B54D8487AEC613 BaseClass: NativeClass:/Script/Engine.SkyLight Name:SkyLight_0 Label:SkyLight SpatiallyLoaded:0 Bounds:IsValid=true, Min=(X=0.000 Y=0.000 Z=690.000), Max=(X=0.000 Y=0.000 Z=690.000) RuntimeGrid:None EditorOnly:0 RuntimeOnly:0 HLODRelevant:0 FolderPath:Lighting FolderGuid:0BA5F0A04EADB18E70D5B180D08FA34B
 |   |   |- Guid:E975EDBC425D58B39941048CB382CD09 BaseClass:/Game/PROJECTFILES/Projectile/BowlingSun.BowlingSun_C NativeClass:/Script/Engine.Pawn Name:BowlingSun_C_UAID_D8BBC1DADC19D9A801_1826063760 Label:BowlingSun SpatiallyLoaded:1 Bounds:IsValid=true, Min=(X=144.000 Y=434.000 Z=14.000), Max=(X=256.000 Y=546.000 Z=126.000) RuntimeGrid:None EditorOnly:0 RuntimeOnly:0 HLODRelevant:0
 |   |   |- Guid:F07F1AF64C7C7C238EE1B4BF8C122DD8 BaseClass: NativeClass:/Script/Engine.StaticMeshActor Name:StaticMeshActor_4 Label:SM_Cube3 SpatiallyLoaded:1 Bounds:IsValid=true, Min=(X=0.000 Y=800.000 Z=0.000), Max=(X=3000.000 Y=900.000 Z=100.000) RuntimeGrid:None EditorOnly:0 RuntimeOnly:0 HLODRelevant:1 FolderPath:Playground FolderGuid:6C02BB504B69D1F3D7A624B130C18E5B
 |   |   |- Guid:F80621C9446867154938FE81375207DA BaseClass: NativeClass:/Script/Engine.DirectionalLight Name:DirectionalLight_1 Label:DirectionalLight SpatiallyLoaded:0 Bounds:IsValid=true, Min=(X=-1048576.000 Y=-1048576.000 Z=-1048576.000), Max=(X=1048576.000 Y=1048576.000 Z=1048576.000) RuntimeGrid:None EditorOnly:0 RuntimeOnly:0 HLODRelevant:0 FolderPath:Lighting FolderGuid:0BA5F0A04EADB18E70D5B180D08FA34B
 |   |   |- Guid:FAB83AC84AFAFE3786C3EF8A5F367546 BaseClass: NativeClass:/Script/Engine.StaticMeshActor Name:StaticMeshActor_UAID_D8BBC1DADC21D0A801_1544021186 Label:Decoration6 SpatiallyLoaded:1 Bounds:IsValid=true, Min=(X=2496.643 Y=566.643 Z=-10.000), Max=(X=2523.357 Y=593.357 Z=178.542) RuntimeGrid:None EditorOnly:0 RuntimeOnly:0 HLODRelevant:0 FolderPath:Bowling_Pins FolderGuid:E450CE694EE77308B63336B502476F0F
 |   |- [+] Clusters:
 |   |   |- [+] [  0]
 |   |   |   |- Guid:61391D344900612A77DFC3BA3E354907 BaseClass: NativeClass:/Script/Engine.ExponentialHeightFog Name:ExponentialHeightFog_0 Label:ExponentialHeightFog SpatiallyLoaded:0 Bounds:IsValid=true, Min=(X=-5600.000 Y=-50.000 Z=-6850.000), Max=(X=-5600.000 Y=-50.000 Z=-6850.000) RuntimeGrid:None EditorOnly:0 RuntimeOnly:0 HLODRelevant:0 FolderPath:Lighting FolderGuid:0BA5F0A04EADB18E70D5B180D08FA34B
 |   |   |- [+] [  1]
 |   |   |   |- Guid:5FE7584649BB6F09265329A6C57CFD0D BaseClass: NativeClass:/Script/Engine.VolumetricCloud Name:VolumetricCloud_0 Label:VolumetricCloud SpatiallyLoaded:0 Bounds:IsValid=true, Min=(X=0.000 Y=0.000 Z=820.000), Max=(X=0.000 Y=0.000 Z=820.000) RuntimeGrid:None EditorOnly:0 RuntimeOnly:0 HLODRelevant:0 FolderPath:Lighting FolderGuid:0BA5F0A04EADB18E70D5B180D08FA34B
 |   |   |- [+] [  2]
 |   |   |   |- Guid:F80621C9446867154938FE81375207DA BaseClass: NativeClass:/Script/Engine.DirectionalLight Name:DirectionalLight_1 Label:DirectionalLight SpatiallyLoaded:0 Bounds:IsValid=true, Min=(X=-1048576.000 Y=-1048576.000 Z=-1048576.000), Max=(X=1048576.000 Y=1048576.000 Z=1048576.000) RuntimeGrid:None EditorOnly:0 RuntimeOnly:0 HLODRelevant:0 FolderPath:Lighting FolderGuid:0BA5F0A04EADB18E70D5B180D08FA34B
 |   |   |- [+] [  3]
 |   |   |   |- Guid:21262252453B37957EF29F82ABA2413B BaseClass: NativeClass:/Script/Engine.TextRenderActor Name:TextRenderActor_1 Label:TextRenderActor SpatiallyLoaded:1 Bounds:IsValid=true, Min=(X=-0.100 Y=1100.000 Z=65.013), Max=(X=-0.100 Y=2363.461 Z=215.013) RuntimeGrid:None EditorOnly:0 RuntimeOnly:0 HLODRelevant:0
 |   |   |- [+] [  4]
 |   |   |   |- Guid:1F9406B244844CB234A787AF17B0D0FC BaseClass: NativeClass:/Script/Engine.StaticMeshActor Name:StaticMeshActor_UAID_D8BBC1DADC21D0A801_1482425183 Label:Decoration3 SpatiallyLoaded:1 Bounds:IsValid=true, Min=(X=2396.643 Y=486.643 Z=-10.000), Max=(X=2423.357 Y=513.357 Z=178.542) RuntimeGrid:None EditorOnly:0 RuntimeOnly:0 HLODRelevant:0 FolderPath:Bowling_Pins FolderGuid:E450CE694EE77308B63336B502476F0F
 |   |   |- [+] [  5]
 |   |   |   |- Guid:5EFEF82343AC07977BBB078B0C1417A6 BaseClass: NativeClass:/Script/Engine.StaticMeshActor Name:StaticMeshActor_UAID_D8BBC1DADC21D0A801_1276802180 Label:SM_Cube10 SpatiallyLoaded:1 Bounds:IsValid=true, Min=(X=-1100.000 Y=-1000.000 Z=0.000), Max=(X=-1000.000 Y=1800.000 Z=100.000) RuntimeGrid:None EditorOnly:0 RuntimeOnly:0 HLODRelevant:1 FolderPath:Playground FolderGuid:6C02BB504B69D1F3D7A624B130C18E5B
 |   |   |- [+] [  6]
 |   |   |   |- Guid:D7DF28204ED8807CD30C74A7384D797C BaseClass: NativeClass:/Script/Engine.StaticMeshActor Name:StaticMeshActor_UAID_D8BBC1DADC21CFA801_1095125000 Label:SM_Cube7 SpatiallyLoaded:1 Bounds:IsValid=true, Min=(X=-0.000 Y=-1100.000 Z=0.000), Max=(X=100.000 Y=0.000 Z=100.000) RuntimeGrid:None EditorOnly:0 RuntimeOnly:0 HLODRelevant:1 FolderPath:Playground FolderGuid:6C02BB504B69D1F3D7A624B130C18E5B
 |   |   |- [+] [  7]
 |   |   |   |- Guid:90B7B8D3420C2EABA931D3A6A69DF696 BaseClass: NativeClass:/Script/Engine.StaticMeshActor Name:StaticMeshActor_3 Label:SM_Cube2 SpatiallyLoaded:1 Bounds:IsValid=true, Min=(X=0.000 Y=0.000 Z=0.000), Max=(X=3000.000 Y=100.000 Z=100.000) RuntimeGrid:None EditorOnly:0 RuntimeOnly:0 HLODRelevant:1 FolderPath:Playground FolderGuid:6C02BB504B69D1F3D7A624B130C18E5B
 |   |   |- [+] [  8]
 |   |   |   |- Guid:BD062CAC4C4504CAD9B36A9ED696C7AC BaseClass: NativeClass:/Script/Engine.StaticMeshActor Name:StaticMeshActor_UAID_D8BBC1DADC21CFA801_1220857002 Label:SM_Cube9 SpatiallyLoaded:1 Bounds:IsValid=true, Min=(X=-1100.000 Y=1800.000 Z=0.000), Max=(X=-0.000 Y=1900.000 Z=100.000) RuntimeGrid:None EditorOnly:0 RuntimeOnly:0 HLODRelevant:1 FolderPath:Playground FolderGuid:6C02BB504B69D1F3D7A624B130C18E5B
 |   |   |- [+] [  9]
 |   |   |   |- Guid:CD61693F4E73DC7E57D1589B1E91AB8C BaseClass: NativeClass:/Script/Engine.StaticMeshActor Name:StaticMeshActor_UAID_D8BBC1DADC21CEA801_2128030823 Label:SM_Cube4 SpatiallyLoaded:1 Bounds:IsValid=true, Min=(X=-1120.000 Y=-1100.000 Z=-102.000), Max=(X=2930.000 Y=1900.000 Z=2.000) RuntimeGrid:None EditorOnly:0 RuntimeOnly:0 HLODRelevant:1 FolderPath:Playground FolderGuid:6C02BB504B69D1F3D7A624B130C18E5B
 |   |   |- [+] [ 10]
 |   |   |   |- Guid:E5320C1B4FD9764CE7B54D8487AEC613 BaseClass: NativeClass:/Script/Engine.SkyLight Name:SkyLight_0 Label:SkyLight SpatiallyLoaded:0 Bounds:IsValid=true, Min=(X=0.000 Y=0.000 Z=690.000), Max=(X=0.000 Y=0.000 Z=690.000) RuntimeGrid:None EditorOnly:0 RuntimeOnly:0 HLODRelevant:0 FolderPath:Lighting FolderGuid:0BA5F0A04EADB18E70D5B180D08FA34B
 |   |   |- [+] [ 11]
 |   |   |   |- Guid:F07F1AF64C7C7C238EE1B4BF8C122DD8 BaseClass: NativeClass:/Script/Engine.StaticMeshActor Name:StaticMeshActor_4 Label:SM_Cube3 SpatiallyLoaded:1 Bounds:IsValid=true, Min=(X=0.000 Y=800.000 Z=0.000), Max=(X=3000.000 Y=900.000 Z=100.000) RuntimeGrid:None EditorOnly:0 RuntimeOnly:0 HLODRelevant:1 FolderPath:Playground FolderGuid:6C02BB504B69D1F3D7A624B130C18E5B
 |   |   |- [+] [ 12]
 |   |   |   |- Guid:2E763EC8460928018391F0879DEFCB63 BaseClass: NativeClass:/Script/Engine.StaticMeshActor Name:StaticMeshActor_UAID_D8BBC1DADC21D0A801_1574245188 Label:Decoration8 SpatiallyLoaded:1 Bounds:IsValid=true, Min=(X=2446.643 Y=446.643 Z=-10.000), Max=(X=2473.357 Y=473.357 Z=178.542) RuntimeGrid:None EditorOnly:0 RuntimeOnly:0 HLODRelevant:0 FolderPath:Bowling_Pins FolderGuid:E450CE694EE77308B63336B502476F0F
 |   |   |- [+] [ 13]
 |   |   |   |- Guid:09AEAB114D87C80B82B7C1AE104A87F4 BaseClass: NativeClass:/Script/Engine.StaticMeshActor Name:StaticMeshActor_UAID_D8BBC1DADC21D0A801_1502599184 Label:Decoration4 SpatiallyLoaded:1 Bounds:IsValid=true, Min=(X=2446.643 Y=366.643 Z=-10.000), Max=(X=2473.357 Y=393.357 Z=178.542) RuntimeGrid:None EditorOnly:0 RuntimeOnly:0 HLODRelevant:0 FolderPath:Bowling_Pins FolderGuid:E450CE694EE77308B63336B502476F0F
 |   |   |- [+] [ 14]
 |   |   |   |- Guid:4F15E67C4D0B2D376AA8D4847B5112BA BaseClass: NativeClass:/Script/Engine.StaticMeshActor Name:StaticMeshActor_UAID_D8BBC1DADC21D0A801_1606690190 Label:Decoration10 SpatiallyLoaded:1 Bounds:IsValid=true, Min=(X=2496.643 Y=406.643 Z=-10.000), Max=(X=2523.357 Y=433.357 Z=178.542) RuntimeGrid:None EditorOnly:0 RuntimeOnly:0 HLODRelevant:0 FolderPath:Bowling_Pins FolderGuid:E450CE694EE77308B63336B502476F0F
 |   |   |- [+] [ 15]
 |   |   |   |- Guid:AF1AF55E49352C4A2CE89589972AA64A BaseClass: NativeClass:/Script/Engine.StaticMeshActor Name:StaticMeshActor_UAID_D8BBC1DADC21D0A801_1586224189 Label:Decoration9 SpatiallyLoaded:1 Bounds:IsValid=true, Min=(X=2496.643 Y=486.643 Z=-10.000), Max=(X=2523.357 Y=513.357 Z=178.542) RuntimeGrid:None EditorOnly:0 RuntimeOnly:0 HLODRelevant:0 FolderPath:Bowling_Pins FolderGuid:E450CE694EE77308B63336B502476F0F
 |   |   |- [+] [ 16]
 |   |   |   |- Guid:A354B1B24E617A525DC6B48CCDE2417E BaseClass: NativeClass:/Script/Engine.PlayerStart Name:PlayerStart_0 Label:PlayerStart SpatiallyLoaded:0 Bounds:IsValid=true, Min=(X=-340.000 Y=430.000 Z=0.013), Max=(X=-260.000 Y=510.000 Z=184.013) RuntimeGrid:None EditorOnly:0 RuntimeOnly:0 HLODRelevant:0
 |   |   |- [+] [ 17]
 |   |   |   |- Guid:FAB83AC84AFAFE3786C3EF8A5F367546 BaseClass: NativeClass:/Script/Engine.StaticMeshActor Name:StaticMeshActor_UAID_D8BBC1DADC21D0A801_1544021186 Label:Decoration6 SpatiallyLoaded:1 Bounds:IsValid=true, Min=(X=2496.643 Y=566.643 Z=-10.000), Max=(X=2523.357 Y=593.357 Z=178.542) RuntimeGrid:None EditorOnly:0 RuntimeOnly:0 HLODRelevant:0 FolderPath:Bowling_Pins FolderGuid:E450CE694EE77308B63336B502476F0F
 |   |   |- [+] [ 18]
 |   |   |   |- Guid:88732F664B278CB05A56EDA84BA74D2B BaseClass: NativeClass:/Script/Engine.StaticMeshActor Name:StaticMeshActor_UAID_D8BBC1DADC21D0A801_1554386187 Label:Decoration7 SpatiallyLoaded:1 Bounds:IsValid=true, Min=(X=2496.643 Y=326.643 Z=-10.000), Max=(X=2523.357 Y=353.357 Z=178.542) RuntimeGrid:None EditorOnly:0 RuntimeOnly:0 HLODRelevant:0 FolderPath:Bowling_Pins FolderGuid:E450CE694EE77308B63336B502476F0F
 |   |   |- [+] [ 19]
 |   |   |   |- Guid:0EDB289B45CB7E0977A6DBA74201EE76 BaseClass: NativeClass:/Script/Engine.StaticMeshActor Name:StaticMeshActor_10 Label:SM_Cube6 SpatiallyLoaded:1 Bounds:IsValid=true, Min=(X=2900.000 Y=100.000 Z=0.000), Max=(X=3000.000 Y=800.000 Z=750.000) RuntimeGrid:None EditorOnly:0 RuntimeOnly:0 HLODRelevant:1 FolderPath:Playground FolderGuid:6C02BB504B69D1F3D7A624B130C18E5B
 |   |   |- [+] [ 20]
 |   |   |   |- Guid:0C0827F44ECB2C1D07DE2B82E3997272 BaseClass: NativeClass:/Script/Engine.StaticMeshActor Name:StaticMeshActor_UAID_D8BBC1DADC21D0A801_1468683182 Label:Decoration2 SpatiallyLoaded:1 Bounds:IsValid=true, Min=(X=2396.643 Y=406.643 Z=-10.000), Max=(X=2423.357 Y=433.357 Z=178.542) RuntimeGrid:None EditorOnly:0 RuntimeOnly:0 HLODRelevant:0 FolderPath:Bowling_Pins FolderGuid:E450CE694EE77308B63336B502476F0F
 |   |   |- [+] [ 21]
 |   |   |   |- Guid:0BE939DE44D0B3E961A3A5B06C5107E8 BaseClass: NativeClass:/Script/Engine.StaticMeshActor Name:StaticMeshActor_UAID_D8BBC1DADC21D0A801_1509127185 Label:Decoration5 SpatiallyLoaded:1 Bounds:IsValid=true, Min=(X=2446.643 Y=526.643 Z=-10.000), Max=(X=2473.357 Y=553.357 Z=178.542) RuntimeGrid:None EditorOnly:0 RuntimeOnly:0 HLODRelevant:0 FolderPath:Bowling_Pins FolderGuid:E450CE694EE77308B63336B502476F0F
 |   |   |- [+] [ 22]
 |   |   |   |- Guid:670498AA41BC0977D3BE169B85071564 BaseClass: NativeClass:/Script/Engine.StaticMeshActor Name:StaticMeshActor_UAID_D8BBC1DADC21CFA801_1167461001 Label:SM_Cube8 SpatiallyLoaded:1 Bounds:IsValid=true, Min=(X=-1100.000 Y=-1100.000 Z=0.000), Max=(X=-0.000 Y=-1000.000 Z=100.000) RuntimeGrid:None EditorOnly:0 RuntimeOnly:0 HLODRelevant:1 FolderPath:Playground FolderGuid:6C02BB504B69D1F3D7A624B130C18E5B
 |   |   |- [+] [ 23]
 |   |   |   |- Guid:C22CE07C4B87D685137FDBBC10FC92C6 BaseClass: NativeClass:/Script/Engine.SkyAtmosphere Name:SkyAtmosphere_0 Label:SkyAtmosphere SpatiallyLoaded:0 Bounds:IsValid=true, Min=(X=0.000 Y=0.000 Z=1020.000), Max=(X=0.000 Y=0.000 Z=1020.000) RuntimeGrid:None EditorOnly:0 RuntimeOnly:0 HLODRelevant:0 FolderPath:Lighting FolderGuid:0BA5F0A04EADB18E70D5B180D08FA34B
 |   |   |- [+] [ 24]
 |   |   |   |- Guid:6FEFB3BD4EB37B849EF0D4AC80F83855 BaseClass: NativeClass:/Script/Engine.WorldDataLayers Name:WorldDataLayers Label:WorldDataLayers SpatiallyLoaded:0 Bounds:IsValid=true, Min=(X=0.000 Y=0.000 Z=0.000), Max=(X=0.000 Y=0.000 Z=0.000) RuntimeGrid:None EditorOnly:0 RuntimeOnly:0 HLODRelevant:0
 |   |   |- [+] [ 25]
 |   |   |   |- Guid:CE8D82634660FCDB3120E2B8D547C533 BaseClass: NativeClass:/Script/Engine.PostProcessVolume Name:PostProcessVolume_0 Label:PostProcessVolume SpatiallyLoaded:0 Bounds:IsValid=true, Min=(X=0.000 Y=0.000 Z=400.000), Max=(X=200.000 Y=200.000 Z=600.000) RuntimeGrid:None EditorOnly:0 RuntimeOnly:0 HLODRelevant:0 FolderPath:Lighting FolderGuid:0BA5F0A04EADB18E70D5B180D08FA34B
 |   |   |- [+] [ 26]
 |   |   |   |- Guid:8559D1384B14F466E8927697A36C1D78 BaseClass: NativeClass:/Script/Engine.StaticMeshActor Name:StaticMeshActor_9 Label:SM_Cube5 SpatiallyLoaded:1 Bounds:IsValid=true, Min=(X=-0.000 Y=890.000 Z=0.000), Max=(X=100.000 Y=1890.000 Z=100.000) RuntimeGrid:None EditorOnly:0 RuntimeOnly:0 HLODRelevant:1 FolderPath:Playground FolderGuid:6C02BB504B69D1F3D7A624B130C18E5B
 |   |   |- [+] [ 27]
 |   |   |   |- Guid:C82F44D347C3459848185C9C5A801658 BaseClass: NativeClass:/Script/Engine.StaticMeshActor Name:StaticMeshActor_UAID_D8BBC1DADC21D0A801_1433757181 Label:Decoration1 SpatiallyLoaded:1 Bounds:IsValid=true, Min=(X=2346.643 Y=446.643 Z=-10.000), Max=(X=2373.357 Y=473.357 Z=178.542) RuntimeGrid:None EditorOnly:0 RuntimeOnly:0 HLODRelevant:0 FolderPath:Bowling_Pins FolderGuid:E450CE694EE77308B63336B502476F0F
 |   |   |- [+] [ 28]
 |   |   |   |- Guid:E975EDBC425D58B39941048CB382CD09 BaseClass:/Game/PROJECTFILES/Projectile/BowlingSun.BowlingSun_C NativeClass:/Script/Engine.Pawn Name:BowlingSun_C_UAID_D8BBC1DADC19D9A801_1826063760 Label:BowlingSun SpatiallyLoaded:1 Bounds:IsValid=true, Min=(X=144.000 Y=434.000 Z=14.000), Max=(X=256.000 Y=546.000 Z=126.000) RuntimeGrid:None EditorOnly:0 RuntimeOnly:0 HLODRelevant:0
 |- ContainerInstances:
 |- [+] MainContainer:
 |   |-        ID: 0x0000000000000000
 |   |-    Bounds: IsValid=true, Min=(X=-1120.000 Y=-1100.000 Z=-102.000), Max=(X=3000.000 Y=2363.461 Z=750.000)
 |   |- Transform: 0.000000,0.000000,0.000000|0.000000,0.000000,-0.000000|1.000000,1.000000,1.000000
 |   |- Container: /Game/FirstPerson/Maps/FirstPersonMap
----------------------------------------------------------------------------------------------------------------
FirstPersonMap - Persistent Level
----------------------------------------------------------------------------------------------------------------
Always loaded Actor Count: 44 

----------------------------------------------------------------------------------------------------------------
FirstPersonMap - Runtime Spatial Hash - Streaming Grid - MainGrid
----------------------------------------------------------------------------------------------------------------
            Origin: X=0.000 Y=0.000 Z=0.000
         Cell Size: 12800
      World Bounds: IsValid=true, Min=(X=-1120.000 Y=-1100.000 Z=-102.000), Max=(X=3000.000 Y=2363.461 Z=750.000)
     Loading Range: 25600.00
Block Slow Loading: No
 ClientOnlyVisible: No

[+] Grid Levels: 2
 |- Level  0: Cell Count    2 | Cell Size   12800 | Actor Count   16 (100.0%)
 |- Level  1: Cell Count    0 | Cell Size   25600 | Actor Count    0 (0.0%)

[+] Content of Grid Level 0
 |- [+] Content of Cell MainGrid_L0_X-1_Y0
 |   |- Actor Count: 1
 |   |- MinMaxZ: X=65.013 Y=215.013
 |   |- Actor Path: /Game/FirstPerson/Maps/FirstPersonMap.FirstPersonMap:PersistentLevel.TextRenderActor_1
 |   |- Actor Package: /Game/__ExternalActors__/FirstPerson/Maps/FirstPersonMap/1/RN/55P1SMQLAF7OK6300D5I8N
 |- [+] Content of Cell MainGrid_L0_X0_Y0
 |   |- Actor Count: 15
 |   |- MinMaxZ: X=-10.000 Y=750.000
 |   |- Actor Path: /Game/FirstPerson/Maps/FirstPersonMap.FirstPersonMap:PersistentLevel.StaticMeshActor_UAID_D8BBC1DADC21D0A801_1482425183
 |   |- Actor Package: /Game/__ExternalActors__/FirstPerson/Maps/FirstPersonMap/2/2D/661FOUD22VD1F69MZ71JN6
 |   |- Actor Path: /Game/FirstPerson/Maps/FirstPersonMap.FirstPersonMap:PersistentLevel.StaticMeshActor_3
 |   |- Actor Package: /Game/__ExternalActors__/FirstPerson/Maps/FirstPersonMap/3/AI/0XWE3RNM2XQC0ST1KXG02O
 |   |- Actor Path: /Game/FirstPerson/Maps/FirstPersonMap.FirstPersonMap:PersistentLevel.StaticMeshActor_4
 |   |- Actor Package: /Game/__ExternalActors__/FirstPerson/Maps/FirstPersonMap/6/AJ/2XZ3RUK0LFB63FVNQE7P5R
 |   |- Actor Path: /Game/FirstPerson/Maps/FirstPersonMap.FirstPersonMap:PersistentLevel.StaticMeshActor_UAID_D8BBC1DADC21D0A801_1574245188
 |   |- Actor Package: /Game/__ExternalActors__/FirstPerson/Maps/FirstPersonMap/7/J3/DU6T4LBFIYRNGR7256QH8W
 |   |- Actor Path: /Game/FirstPerson/Maps/FirstPersonMap.FirstPersonMap:PersistentLevel.StaticMeshActor_UAID_D8BBC1DADC21D0A801_1502599184
 |   |- Actor Package: /Game/__ExternalActors__/FirstPerson/Maps/FirstPersonMap/7/LI/2RNXJ8S0N1WVQW28COIJSP
 |   |- Actor Path: /Game/FirstPerson/Maps/FirstPersonMap.FirstPersonMap:PersistentLevel.StaticMeshActor_UAID_D8BBC1DADC21D0A801_1606690190
 |   |- Actor Package: /Game/__ExternalActors__/FirstPerson/Maps/FirstPersonMap/7/S7/5YUPRPLEYITCSONC8SSVVT
 |   |- Actor Path: /Game/FirstPerson/Maps/FirstPersonMap.FirstPersonMap:PersistentLevel.StaticMeshActor_UAID_D8BBC1DADC21D0A801_1586224189
 |   |- Actor Package: /Game/__ExternalActors__/FirstPerson/Maps/FirstPersonMap/8/A2/CKGX48ZES5B2281G4CHYPA
 |   |- Actor Path: /Game/FirstPerson/Maps/FirstPersonMap.FirstPersonMap:PersistentLevel.StaticMeshActor_UAID_D8BBC1DADC21D0A801_1544021186
 |   |- Actor Package: /Game/__ExternalActors__/FirstPerson/Maps/FirstPersonMap/9/T5/AWG75NYHBYCXTAJO2ZQP20
 |   |- Actor Path: /Game/FirstPerson/Maps/FirstPersonMap.FirstPersonMap:PersistentLevel.StaticMeshActor_UAID_D8BBC1DADC21D0A801_1554386187
 |   |- Actor Package: /Game/__ExternalActors__/FirstPerson/Maps/FirstPersonMap/A/VT/I4SDTOGBWIV1MC1SUAJBVS
 |   |- Actor Path: /Game/FirstPerson/Maps/FirstPersonMap.FirstPersonMap:PersistentLevel.StaticMeshActor_10
 |   |- Actor Package: /Game/__ExternalActors__/FirstPerson/Maps/FirstPersonMap/A/XJ/HL558UUAGCS9HVVOI0S7PX
 |   |- Actor Path: /Game/FirstPerson/Maps/FirstPersonMap.FirstPersonMap:PersistentLevel.StaticMeshActor_UAID_D8BBC1DADC21D0A801_1468683182
 |   |- Actor Package: /Game/__ExternalActors__/FirstPerson/Maps/FirstPersonMap/B/2D/AJWC7JNA3AT7NX6XZ478E5
 |   |- Actor Path: /Game/FirstPerson/Maps/FirstPersonMap.FirstPersonMap:PersistentLevel.StaticMeshActor_UAID_D8BBC1DADC21D0A801_1509127185
 |   |- Actor Package: /Game/__ExternalActors__/FirstPerson/Maps/FirstPersonMap/C/D8/ANM4XCISC2BVWHI6KBSS69
 |   |- Actor Path: /Game/FirstPerson/Maps/FirstPersonMap.FirstPersonMap:PersistentLevel.StaticMeshActor_9
 |   |- Actor Package: /Game/__ExternalActors__/FirstPerson/Maps/FirstPersonMap/E/UE/YUZ9741T50O1SYRX90OB0S
 |   |- Actor Path: /Game/FirstPerson/Maps/FirstPersonMap.FirstPersonMap:PersistentLevel.StaticMeshActor_UAID_D8BBC1DADC21D0A801_1433757181
 |   |- Actor Package: /Game/__ExternalActors__/FirstPerson/Maps/FirstPersonMap/F/4Q/XM0NFHJCU1FW9FADAFBKF6
 |   |- Actor Path: /Game/FirstPerson/Maps/FirstPersonMap.FirstPersonMap:PersistentLevel.BowlingSun_C_UAID_D8BBC1DADC19D9A801_1826063760
 |   |- Actor Package: /Game/__ExternalActors__/FirstPerson/Maps/FirstPersonMap/0/JJ/O2YO1IQTMKVX8N4GNA4374
[+] Content of Grid Level 1

